{
  "RSpec": {
    "coverage": {
      "/home/vincenttran/tic-tac-toe-rb-online-web-sp-000/lib/tic_tac_toe.rb": [
        null,
        1,
        null,
        null,
        null,
        null,
        null,
        null,
        null,
        null,
        null,
        1,
        24,
        24,
        24,
        24,
        24,
        null,
        null,
        1,
        null,
        1,
        null,
        1,
        22,
        null,
        null,
        1,
        21,
        null,
        null,
        1,
        24,
        21,
        null,
        3,
        null,
        null,
        null,
        1,
        22,
        19,
        null,
        null,
        null,
        1,
        20,
        20,
        180,
        31,
        null,
        null,
        20,
        null,
        null,
        1,
        19,
        13,
        null,
        6,
        null,
        null,
        null,
        1,
        19,
        19,
        19,
        19,
        18,
        null,
        1,
        null,
        null,
        null,
        1,
        66,
        388,
        388,
        388,
        null,
        388,
        388,
        388,
        null,
        388,
        28,
        null,
        null,
        null,
        null,
        0,
        null,
        null,
        null,
        1,
        183,
        null,
        null,
        1,
        29,
        7,
        null,
        22,
        22,
        null,
        null,
        null,
        1,
        21,
        10,
        null,
        11,
        null,
        null,
        null,
        1,
        12,
        11,
        null,
        null,
        null,
        1,
        0,
        0,
        0,
        0,
        0,
        null,
        null,
        null,
        1,
        12,
        17,
        null,
        12,
        5,
        5,
        7,
        7,
        null,
        null
      ]
    },
    "timestamp": 1619907145
  }
}
